c:\users\wjdgu\onedrive\문서\카카오톡 받은 파일\debug\alkkagi\debug\alkkagi.pch
c:\users\wjdgu\onedrive\문서\카카오톡 받은 파일\debug\alkkagi\debug\vc142.pdb
c:\users\wjdgu\onedrive\문서\카카오톡 받은 파일\debug\alkkagi\debug\vc142.idb
c:\users\wjdgu\onedrive\문서\카카오톡 받은 파일\debug\alkkagi\debug\stdafx.obj
c:\users\wjdgu\onedrive\문서\카카오톡 받은 파일\debug\alkkagi\debug\viewtree.obj
c:\users\wjdgu\onedrive\문서\카카오톡 받은 파일\debug\alkkagi\debug\propertieswnd.obj
c:\users\wjdgu\onedrive\문서\카카오톡 받은 파일\debug\alkkagi\debug\outputwnd.obj
c:\users\wjdgu\onedrive\문서\카카오톡 받은 파일\debug\alkkagi\debug\mainfrm.obj
c:\users\wjdgu\onedrive\문서\카카오톡 받은 파일\debug\alkkagi\debug\fileview.obj
c:\users\wjdgu\onedrive\문서\카카오톡 받은 파일\debug\alkkagi\debug\classview.obj
c:\users\wjdgu\onedrive\문서\카카오톡 받은 파일\debug\alkkagi\debug\circle.obj
c:\users\wjdgu\onedrive\문서\카카오톡 받은 파일\debug\alkkagi\debug\alkkagiview.obj
c:\users\wjdgu\onedrive\문서\카카오톡 받은 파일\debug\alkkagi\debug\alkkagidoc.obj
c:\users\wjdgu\onedrive\문서\카카오톡 받은 파일\debug\alkkagi\debug\alkkagi.obj
c:\users\wjdgu\onedrive\문서\카카오톡 받은 파일\debug\debug\alkkagi.ilk
c:\users\wjdgu\onedrive\문서\카카오톡 받은 파일\debug\debug\alkkagi.exe
c:\users\wjdgu\onedrive\문서\카카오톡 받은 파일\debug\debug\alkkagi.pdb
c:\users\wjdgu\onedrive\문서\카카오톡 받은 파일\debug\alkkagi\debug\alkkagi.res
c:\users\wjdgu\onedrive\문서\카카오톡 받은 파일\debug\alkkagi\debug\alkkagi.tlog\cl.command.1.tlog
c:\users\wjdgu\onedrive\문서\카카오톡 받은 파일\debug\alkkagi\debug\alkkagi.tlog\cl.read.1.tlog
c:\users\wjdgu\onedrive\문서\카카오톡 받은 파일\debug\alkkagi\debug\alkkagi.tlog\cl.write.1.tlog
c:\users\wjdgu\onedrive\문서\카카오톡 받은 파일\debug\alkkagi\debug\alkkagi.tlog\link.command.1.tlog
c:\users\wjdgu\onedrive\문서\카카오톡 받은 파일\debug\alkkagi\debug\alkkagi.tlog\link.read.1.tlog
c:\users\wjdgu\onedrive\문서\카카오톡 받은 파일\debug\alkkagi\debug\alkkagi.tlog\link.write.1.tlog
c:\users\wjdgu\onedrive\문서\카카오톡 받은 파일\debug\alkkagi\debug\alkkagi.tlog\rc.command.1.tlog
c:\users\wjdgu\onedrive\문서\카카오톡 받은 파일\debug\alkkagi\debug\alkkagi.tlog\rc.read.1.tlog
c:\users\wjdgu\onedrive\문서\카카오톡 받은 파일\debug\alkkagi\debug\alkkagi.tlog\rc.write.1.tlog
