c:\users\user\desktop\temp\alkkagi\alkkagi\debug\alkkagi.pch
c:\users\user\desktop\temp\alkkagi\alkkagi\debug\vc141.pdb
c:\users\user\desktop\temp\alkkagi\alkkagi\debug\vc141.idb
c:\users\user\desktop\temp\alkkagi\alkkagi\debug\stdafx.obj
c:\users\user\desktop\temp\alkkagi\alkkagi\debug\viewtree.obj
c:\users\user\desktop\temp\alkkagi\alkkagi\debug\propertieswnd.obj
c:\users\user\desktop\temp\alkkagi\alkkagi\debug\player.obj
c:\users\user\desktop\temp\alkkagi\alkkagi\debug\outputwnd.obj
c:\users\user\desktop\temp\alkkagi\alkkagi\debug\mainfrm.obj
c:\users\user\desktop\temp\alkkagi\alkkagi\debug\fileview.obj
c:\users\user\desktop\temp\alkkagi\alkkagi\debug\classview.obj
c:\users\user\desktop\temp\alkkagi\alkkagi\debug\circle.obj
c:\users\user\desktop\temp\alkkagi\alkkagi\debug\alkkagiview.obj
c:\users\user\desktop\temp\alkkagi\alkkagi\debug\alkkagidoc.obj
c:\users\user\desktop\temp\alkkagi\alkkagi\debug\alkkagi.obj
c:\users\user\desktop\temp\alkkagi\debug\alkkagi.exe
c:\users\user\desktop\temp\alkkagi\debug\alkkagi.ilk
c:\users\user\desktop\temp\alkkagi\debug\alkkagi.pdb
c:\users\user\desktop\temp\alkkagi\alkkagi\debug\alkkagi.res
c:\users\user\desktop\temp\alkkagi\alkkagi\debug\alkkagi.tlog\cl.command.1.tlog
c:\users\user\desktop\temp\alkkagi\alkkagi\debug\alkkagi.tlog\cl.read.1.tlog
c:\users\user\desktop\temp\alkkagi\alkkagi\debug\alkkagi.tlog\cl.write.1.tlog
c:\users\user\desktop\temp\alkkagi\alkkagi\debug\alkkagi.tlog\link.command.1.tlog
c:\users\user\desktop\temp\alkkagi\alkkagi\debug\alkkagi.tlog\link.read.1.tlog
c:\users\user\desktop\temp\alkkagi\alkkagi\debug\alkkagi.tlog\link.write.1.tlog
c:\users\user\desktop\temp\alkkagi\alkkagi\debug\alkkagi.tlog\rc.command.1.tlog
c:\users\user\desktop\temp\alkkagi\alkkagi\debug\alkkagi.tlog\rc.read.1.tlog
c:\users\user\desktop\temp\alkkagi\alkkagi\debug\alkkagi.tlog\rc.write.1.tlog
